Using pre-set license
Built from '2021.3/staging' branch; Version is '2021.3.9f1 (ad3870b89536) revision 11352176'; Using compiler version '192829333'; Build Type 'Release'
OS: 'Windows 11  (10.0.25247) 64bit Core' Language: 'en' Physical Memory: 32353 MB
BatchMode: 1, IsHumanControllingUs: 0, StartBugReporterOnCrash: 0, Is64bit: 1, IsPro: 1

COMMAND LINE ARGUMENTS:
C:\Program Files\Unity 2021.3.9f1\Editor\Unity.exe
-adb2
-batchMode
-noUpm
-name
AssetImportWorker0
-projectPath
C:/git/studies/semester_4/meco/unity/ModellingFHNW
-logFile
Logs/AssetImportWorker0.log
-srvPort
60541
Successfully changed project path to: C:/git/studies/semester_4/meco/unity/ModellingFHNW
C:/git/studies/semester_4/meco/unity/ModellingFHNW
[UnityMemory] Configuration Parameters - Can be set up in boot.config
    "memorysetup-bucket-allocator-granularity=16"
    "memorysetup-bucket-allocator-bucket-count=8"
    "memorysetup-bucket-allocator-block-size=33554432"
    "memorysetup-bucket-allocator-block-count=8"
    "memorysetup-main-allocator-block-size=16777216"
    "memorysetup-thread-allocator-block-size=16777216"
    "memorysetup-gfx-main-allocator-block-size=16777216"
    "memorysetup-gfx-thread-allocator-block-size=16777216"
    "memorysetup-cache-allocator-block-size=4194304"
    "memorysetup-typetree-allocator-block-size=2097152"
    "memorysetup-profiler-bucket-allocator-granularity=16"
    "memorysetup-profiler-bucket-allocator-bucket-count=8"
    "memorysetup-profiler-bucket-allocator-block-size=33554432"
    "memorysetup-profiler-bucket-allocator-block-count=8"
    "memorysetup-profiler-allocator-block-size=16777216"
    "memorysetup-profiler-editor-allocator-block-size=1048576"
    "memorysetup-temp-allocator-size-main=16777216"
    "memorysetup-job-temp-allocator-block-size=2097152"
    "memorysetup-job-temp-allocator-block-size-background=1048576"
    "memorysetup-job-temp-allocator-reduction-small-platforms=262144"
    "memorysetup-temp-allocator-size-background-worker=32768"
    "memorysetup-temp-allocator-size-job-worker=262144"
    "memorysetup-temp-allocator-size-preload-manager=33554432"
    "memorysetup-temp-allocator-size-nav-mesh-worker=65536"
    "memorysetup-temp-allocator-size-audio-worker=65536"
    "memorysetup-temp-allocator-size-cloud-worker=32768"
    "memorysetup-temp-allocator-size-gi-baking-worker=262144"
    "memorysetup-temp-allocator-size-gfx=262144"
Refreshing native plugins compatible for Editor in 98.40 ms, found 3 plugins.
Preloading 0 native plugins for Editor in 0.00 ms.
Initialize engine version: 2021.3.9f1 (ad3870b89536)
[Subsystems] Discovering subsystems at path C:/Program Files/Unity 2021.3.9f1/Editor/Data/Resources/UnitySubsystems
[Subsystems] Discovering subsystems at path C:/git/studies/semester_4/meco/unity/ModellingFHNW/Assets
GfxDevice: creating device client; threaded=0; jobified=0
Direct3D:
    Version:  Direct3D 11.0 [level 11.1]
    Renderer: NVIDIA GeForce GTX 1650 with Max-Q Design (ID=0x1f91)
    Vendor:   NVIDIA
    VRAM:     3964 MB
    Driver:   27.21.14.6259
Initialize mono
Mono path[0] = 'C:/Program Files/Unity 2021.3.9f1/Editor/Data/Managed'
Mono path[1] = 'C:/Program Files/Unity 2021.3.9f1/Editor/Data/MonoBleedingEdge/lib/mono/unityjit-win32'
Mono config path = 'C:/Program Files/Unity 2021.3.9f1/Editor/Data/MonoBleedingEdge/etc'
Using monoOptions --debugger-agent=transport=dt_socket,embedding=1,server=y,suspend=n,address=127.0.0.1:56688
Begin MonoManager ReloadAssembly
Registering precompiled unity dll's ...
Register platform support module: C:/Program Files/Unity 2021.3.9f1/Editor/Data/PlaybackEngines/WindowsStandaloneSupport/UnityEditor.WindowsStandalone.Extensions.dll
Registered in 0.005739 seconds.
Native extension for WindowsStandalone target not found
Refreshing native plugins compatible for Editor in 92.75 ms, found 3 plugins.
Preloading 0 native plugins for Editor in 0.00 ms.
Mono: successfully reloaded assembly
- Completed reload, in  0.787 seconds
Domain Reload Profiling:
	ReloadAssembly (788ms)
		BeginReloadAssembly (100ms)
			ExecutionOrderSort (0ms)
			DisableScriptedObjects (0ms)
			BackupInstance (0ms)
			ReleaseScriptingObjects (0ms)
			CreateAndSetChildDomain (1ms)
		EndReloadAssembly (540ms)
			LoadAssemblies (97ms)
			RebuildTransferFunctionScriptingTraits (0ms)
			SetupTypeCache (119ms)
			ReleaseScriptCaches (0ms)
			RebuildScriptCaches (39ms)
			SetupLoadedEditorAssemblies (321ms)
				LogAssemblyErrors (0ms)
				InitializePlatformSupportModulesInManaged (10ms)
				SetLoadedEditorAssemblies (0ms)
				RefreshPlugins (93ms)
				BeforeProcessingInitializeOnLoad (1ms)
				ProcessInitializeOnLoadAttributes (155ms)
				ProcessInitializeOnLoadMethodAttributes (61ms)
				AfterProcessingInitializeOnLoad (0ms)
				EditorAssembliesLoaded (0ms)
			ExecutionOrderSort2 (0ms)
			AwakeInstancesAfterBackupRestoration (0ms)
Platform modules already initialized, skipping
Registering precompiled user dll's ...
Registered in 0.007442 seconds.
Begin MonoManager ReloadAssembly
Symbol file LoadedFromMemory doesn't match image C:\git\studies\semester_4\meco\unity\ModellingFHNW\Library\PackageCache\com.unity.visualscripting@1.7.8\Editor\VisualScripting.Core\Dependencies\YamlDotNet\Unity.VisualScripting.YamlDotNet.dll
Symbol file LoadedFromMemory doesn't match image C:\git\studies\semester_4\meco\unity\ModellingFHNW\Library\PackageCache\com.unity.visualscripting@1.7.8\Editor\VisualScripting.Core\Dependencies\DotNetZip\Unity.VisualScripting.IonicZip.dll
Native extension for WindowsStandalone target not found
Refreshing native plugins compatible for Editor in 0.53 ms, found 3 plugins.
Preloading 0 native plugins for Editor in 0.00 ms.
Mono: successfully reloaded assembly
- Completed reload, in  1.413 seconds
Domain Reload Profiling:
	ReloadAssembly (1414ms)
		BeginReloadAssembly (130ms)
			ExecutionOrderSort (0ms)
			DisableScriptedObjects (6ms)
			BackupInstance (0ms)
			ReleaseScriptingObjects (0ms)
			CreateAndSetChildDomain (21ms)
		EndReloadAssembly (1144ms)
			LoadAssemblies (109ms)
			RebuildTransferFunctionScriptingTraits (0ms)
			SetupTypeCache (342ms)
			ReleaseScriptCaches (1ms)
			RebuildScriptCaches (65ms)
			SetupLoadedEditorAssemblies (565ms)
				LogAssemblyErrors (0ms)
				InitializePlatformSupportModulesInManaged (7ms)
				SetLoadedEditorAssemblies (1ms)
				RefreshPlugins (1ms)
				BeforeProcessingInitializeOnLoad (114ms)
				ProcessInitializeOnLoadAttributes (391ms)
				ProcessInitializeOnLoadMethodAttributes (38ms)
				AfterProcessingInitializeOnLoad (11ms)
				EditorAssembliesLoaded (3ms)
			ExecutionOrderSort2 (0ms)
			AwakeInstancesAfterBackupRestoration (15ms)
Platform modules already initialized, skipping
========================================================================
Worker process is ready to serve import requests
Launched and connected shader compiler UnityShaderCompiler.exe after 0.08 seconds
Refreshing native plugins compatible for Editor in 1.06 ms, found 3 plugins.
Preloading 0 native plugins for Editor in 0.00 ms.
Unloading 3514 Unused Serialized files (Serialized files now loaded: 0)
Unloading 29 unused Assets / (0.5 MB). Loaded Objects now: 4001.
Memory consumption went from 157.6 MB to 157.1 MB.
Total: 5.452800 ms (FindLiveObjects: 0.466700 ms CreateObjectMapping: 0.193800 ms MarkObjects: 4.335400 ms  DeleteObjects: 0.454700 ms)

AssetImportParameters requested are different than current active one (requested -> active):
  custom:video-decoder-ogg-theora: a1e56fd34408186e4bbccfd4996cb3dc -> 
  custom:container-muxer-webm: aa71ff27fc2769a1b78a27578f13a17b -> 
  custom:container-demuxer-webm: 4f35f7cbe854078d1ac9338744f61a02 -> 
  custom:video-encoder-webm-vp8: eb34c28f22e8b96e1ab97ce403110664 -> 
  custom:video-codec-MediaFoundation-h265: 746d11721c4dcdbdad8f713fa42b33f4 -> 
  custom:audio-encoder-webm-vorbis: bf7c407c2cedff20999df2af8eb42d56 -> 
  custom:framework-win-MediaFoundation: 216162199b28c13a410421893ffa2e32 -> 
  custom:container-demuxer-ogg: 62fdf1f143b41e24485cea50d1cbac27 -> 
  custom:video-decoder-webm-vp8: 9c59270c3fd7afecdb556c50c9e8de78 -> 
  custom:audio-decoder-ogg-vorbis: bf7c407c2cedff20999df2af8eb42d56 -> 
========================================================================
Received Import Request.
  Time since last request: 273889.362464 seconds.
  path: Assets/StoneFloorTexture
  artifactKey: Guid(517e8f34d51368d4a934539adc4c7879) Importer(815301076,1909f56bfc062723c751e8b465ee728b)
Start importing Assets/StoneFloorTexture using Guid(517e8f34d51368d4a934539adc4c7879) Importer(815301076,1909f56bfc062723c751e8b465ee728b)  -> (artifact id: 'fe97cccd85cda5d7e4925dd909678f40') in 0.019888 seconds 
========================================================================
Received Import Request.
  Time since last request: 12.159757 seconds.
  path: Assets/StoneFloorTexture/New Material.mat
  artifactKey: Guid(7ddadaee3dfa5034797e2404956e1800) Importer(815301076,1909f56bfc062723c751e8b465ee728b)
Start importing Assets/StoneFloorTexture/New Material.mat using Guid(7ddadaee3dfa5034797e2404956e1800) Importer(815301076,1909f56bfc062723c751e8b465ee728b)  -> (artifact id: '1111405d01b9d7ae5459adc4ae595a29') in 0.168763 seconds 
========================================================================
Received Import Request.
  Time since last request: 9.052978 seconds.
  path: Assets/StoneFloorTexture/stone_floor_material.mat
  artifactKey: Guid(7ddadaee3dfa5034797e2404956e1800) Importer(815301076,1909f56bfc062723c751e8b465ee728b)
Start importing Assets/StoneFloorTexture/stone_floor_material.mat using Guid(7ddadaee3dfa5034797e2404956e1800) Importer(815301076,1909f56bfc062723c751e8b465ee728b)  -> (artifact id: '173a6da6c60c03e104b273c272a0b35d') in 0.020993 seconds 
========================================================================
Received Import Request.
  Time since last request: 420.370850 seconds.
  path: Assets/building_texture.jpg
  artifactKey: Guid(b5f5e6f5004e1f349a98632982bb13dc) Importer(815301076,1909f56bfc062723c751e8b465ee728b)
Start importing Assets/building_texture.jpg using Guid(b5f5e6f5004e1f349a98632982bb13dc) Importer(815301076,1909f56bfc062723c751e8b465ee728b)  -> (artifact id: 'a1dbfcd388e4f5ac65a20d00e4407b9f') in 0.054291 seconds 
========================================================================
Received Import Request.
  Time since last request: 39.941730 seconds.
  path: Assets/Materials
  artifactKey: Guid(1f5d654ec4c7c874ca89675e75042b82) Importer(815301076,1909f56bfc062723c751e8b465ee728b)
Start importing Assets/Materials using Guid(1f5d654ec4c7c874ca89675e75042b82) Importer(815301076,1909f56bfc062723c751e8b465ee728b)  -> (artifact id: 'ccdff44272c9707c4a865619b6fba1e9') in 0.004202 seconds 
========================================================================
Received Import Request.
  Time since last request: 0.084967 seconds.
  path: Assets/Materials/building_texture.mat
  artifactKey: Guid(12bf03deaa146194db3bfec1afec32ac) Importer(815301076,1909f56bfc062723c751e8b465ee728b)
Start importing Assets/Materials/building_texture.mat using Guid(12bf03deaa146194db3bfec1afec32ac) Importer(815301076,1909f56bfc062723c751e8b465ee728b)  -> (artifact id: 'f5d3465c20b5e0b989686ccc1031dd12') in 0.023245 seconds 
========================================================================
Received Import Request.
  Time since last request: 86.240495 seconds.
  path: Assets/Materials/building_texture.mat
  artifactKey: Guid(12bf03deaa146194db3bfec1afec32ac) Importer(815301076,1909f56bfc062723c751e8b465ee728b)
Start importing Assets/Materials/building_texture.mat using Guid(12bf03deaa146194db3bfec1afec32ac) Importer(815301076,1909f56bfc062723c751e8b465ee728b)  -> (artifact id: '51c754ca6501813b997db1a473bb2c75') in 0.022938 seconds 
