Using pre-set license
Built from '2021.3/staging' branch; Version is '2021.3.9f1 (ad3870b89536) revision 11352176'; Using compiler version '192829333'; Build Type 'Release'
OS: 'Windows 11  (10.0.25247) 64bit Professional' Language: 'en' Physical Memory: 32630 MB
BatchMode: 1, IsHumanControllingUs: 0, StartBugReporterOnCrash: 0, Is64bit: 1, IsPro: 1

COMMAND LINE ARGUMENTS:
C:\Program Files\Unity 2021.3.9f1\Editor\Unity.exe
-adb2
-batchMode
-noUpm
-name
AssetImportWorker2
-projectPath
C:/git/studies/semester_4/meco/unity/ModellingFHNW
-logFile
Logs/AssetImportWorker2.log
-srvPort
56487
Successfully changed project path to: C:/git/studies/semester_4/meco/unity/ModellingFHNW
C:/git/studies/semester_4/meco/unity/ModellingFHNW
[UnityMemory] Configuration Parameters - Can be set up in boot.config
    "memorysetup-bucket-allocator-granularity=16"
    "memorysetup-bucket-allocator-bucket-count=8"
    "memorysetup-bucket-allocator-block-size=33554432"
    "memorysetup-bucket-allocator-block-count=8"
    "memorysetup-main-allocator-block-size=16777216"
    "memorysetup-thread-allocator-block-size=16777216"
    "memorysetup-gfx-main-allocator-block-size=16777216"
    "memorysetup-gfx-thread-allocator-block-size=16777216"
    "memorysetup-cache-allocator-block-size=4194304"
    "memorysetup-typetree-allocator-block-size=2097152"
    "memorysetup-profiler-bucket-allocator-granularity=16"
    "memorysetup-profiler-bucket-allocator-bucket-count=8"
    "memorysetup-profiler-bucket-allocator-block-size=33554432"
    "memorysetup-profiler-bucket-allocator-block-count=8"
    "memorysetup-profiler-allocator-block-size=16777216"
    "memorysetup-profiler-editor-allocator-block-size=1048576"
    "memorysetup-temp-allocator-size-main=16777216"
    "memorysetup-job-temp-allocator-block-size=2097152"
    "memorysetup-job-temp-allocator-block-size-background=1048576"
    "memorysetup-job-temp-allocator-reduction-small-platforms=262144"
    "memorysetup-temp-allocator-size-background-worker=32768"
    "memorysetup-temp-allocator-size-job-worker=262144"
    "memorysetup-temp-allocator-size-preload-manager=33554432"
    "memorysetup-temp-allocator-size-nav-mesh-worker=65536"
    "memorysetup-temp-allocator-size-audio-worker=65536"
    "memorysetup-temp-allocator-size-cloud-worker=32768"
    "memorysetup-temp-allocator-size-gi-baking-worker=262144"
    "memorysetup-temp-allocator-size-gfx=262144"
Refreshing native plugins compatible for Editor in 95.45 ms, found 3 plugins.
Preloading 0 native plugins for Editor in 0.00 ms.
Initialize engine version: 2021.3.9f1 (ad3870b89536)
[Subsystems] Discovering subsystems at path C:/Program Files/Unity 2021.3.9f1/Editor/Data/Resources/UnitySubsystems
[Subsystems] Discovering subsystems at path C:/git/studies/semester_4/meco/unity/ModellingFHNW/Assets
GfxDevice: creating device client; threaded=0; jobified=0
Direct3D:
    Version:  Direct3D 11.0 [level 11.1]
    Renderer: NVIDIA GeForce RTX 2080 Ti (ID=0x1e07)
    Vendor:   NVIDIA
    VRAM:     11041 MB
    Driver:   31.0.15.3004
Initialize mono
Mono path[0] = 'C:/Program Files/Unity 2021.3.9f1/Editor/Data/Managed'
Mono path[1] = 'C:/Program Files/Unity 2021.3.9f1/Editor/Data/MonoBleedingEdge/lib/mono/unityjit-win32'
Mono config path = 'C:/Program Files/Unity 2021.3.9f1/Editor/Data/MonoBleedingEdge/etc'
Using monoOptions --debugger-agent=transport=dt_socket,embedding=1,server=y,suspend=n,address=127.0.0.1:56808
Begin MonoManager ReloadAssembly
Registering precompiled unity dll's ...
Register platform support module: C:/Program Files/Unity 2021.3.9f1/Editor/Data/PlaybackEngines/WindowsStandaloneSupport/UnityEditor.WindowsStandalone.Extensions.dll
Registered in 0.003855 seconds.
Native extension for WindowsStandalone target not found
Refreshing native plugins compatible for Editor in 82.34 ms, found 3 plugins.
Preloading 0 native plugins for Editor in 0.00 ms.
Mono: successfully reloaded assembly
- Completed reload, in  0.683 seconds
Domain Reload Profiling:
	ReloadAssembly (683ms)
		BeginReloadAssembly (96ms)
			ExecutionOrderSort (0ms)
			DisableScriptedObjects (0ms)
			BackupInstance (0ms)
			ReleaseScriptingObjects (0ms)
			CreateAndSetChildDomain (1ms)
		EndReloadAssembly (477ms)
			LoadAssemblies (94ms)
			RebuildTransferFunctionScriptingTraits (0ms)
			SetupTypeCache (125ms)
			ReleaseScriptCaches (0ms)
			RebuildScriptCaches (33ms)
			SetupLoadedEditorAssemblies (268ms)
				LogAssemblyErrors (0ms)
				InitializePlatformSupportModulesInManaged (8ms)
				SetLoadedEditorAssemblies (0ms)
				RefreshPlugins (82ms)
				BeforeProcessingInitializeOnLoad (1ms)
				ProcessInitializeOnLoadAttributes (135ms)
				ProcessInitializeOnLoadMethodAttributes (42ms)
				AfterProcessingInitializeOnLoad (0ms)
				EditorAssembliesLoaded (0ms)
			ExecutionOrderSort2 (0ms)
			AwakeInstancesAfterBackupRestoration (0ms)
Platform modules already initialized, skipping
Registering precompiled user dll's ...
Registered in 0.006938 seconds.
Begin MonoManager ReloadAssembly
Symbol file LoadedFromMemory doesn't match image C:\git\studies\semester_4\meco\unity\ModellingFHNW\Library\PackageCache\com.unity.visualscripting@1.7.8\Editor\VisualScripting.Core\Dependencies\YamlDotNet\Unity.VisualScripting.YamlDotNet.dll
Symbol file LoadedFromMemory doesn't match image C:\git\studies\semester_4\meco\unity\ModellingFHNW\Library\PackageCache\com.unity.visualscripting@1.7.8\Editor\VisualScripting.Core\Dependencies\DotNetZip\Unity.VisualScripting.IonicZip.dll
Native extension for WindowsStandalone target not found
Refreshing native plugins compatible for Editor in 0.67 ms, found 3 plugins.
Preloading 0 native plugins for Editor in 0.00 ms.
Mono: successfully reloaded assembly
- Completed reload, in  1.021 seconds
Domain Reload Profiling:
	ReloadAssembly (1022ms)
		BeginReloadAssembly (111ms)
			ExecutionOrderSort (0ms)
			DisableScriptedObjects (6ms)
			BackupInstance (0ms)
			ReleaseScriptingObjects (0ms)
			CreateAndSetChildDomain (19ms)
		EndReloadAssembly (797ms)
			LoadAssemblies (88ms)
			RebuildTransferFunctionScriptingTraits (0ms)
			SetupTypeCache (254ms)
			ReleaseScriptCaches (1ms)
			RebuildScriptCaches (50ms)
			SetupLoadedEditorAssemblies (374ms)
				LogAssemblyErrors (0ms)
				InitializePlatformSupportModulesInManaged (5ms)
				SetLoadedEditorAssemblies (0ms)
				RefreshPlugins (1ms)
				BeforeProcessingInitializeOnLoad (84ms)
				ProcessInitializeOnLoadAttributes (250ms)
				ProcessInitializeOnLoadMethodAttributes (27ms)
				AfterProcessingInitializeOnLoad (7ms)
				EditorAssembliesLoaded (0ms)
			ExecutionOrderSort2 (0ms)
			AwakeInstancesAfterBackupRestoration (5ms)
Platform modules already initialized, skipping
========================================================================
Worker process is ready to serve import requests
Launched and connected shader compiler UnityShaderCompiler.exe after 0.05 seconds
Refreshing native plugins compatible for Editor in 0.51 ms, found 3 plugins.
Preloading 0 native plugins for Editor in 0.00 ms.
Unloading 3382 Unused Serialized files (Serialized files now loaded: 0)
Unloading 27 unused Assets / (111.3 KB). Loaded Objects now: 3840.
Memory consumption went from 116.3 MB to 116.2 MB.
Total: 3.421300 ms (FindLiveObjects: 0.268700 ms CreateObjectMapping: 0.196300 ms MarkObjects: 2.861200 ms  DeleteObjects: 0.094200 ms)

AssetImportParameters requested are different than current active one (requested -> active):
  custom:video-decoder-ogg-theora: a1e56fd34408186e4bbccfd4996cb3dc -> 
  custom:container-muxer-webm: aa71ff27fc2769a1b78a27578f13a17b -> 
  custom:container-demuxer-webm: 4f35f7cbe854078d1ac9338744f61a02 -> 
  custom:video-encoder-webm-vp8: eb34c28f22e8b96e1ab97ce403110664 -> 
  custom:audio-encoder-webm-vorbis: bf7c407c2cedff20999df2af8eb42d56 -> 
  custom:framework-win-MediaFoundation: 216162199b28c13a410421893ffa2e32 -> 
  custom:container-demuxer-ogg: 62fdf1f143b41e24485cea50d1cbac27 -> 
  custom:video-decoder-webm-vp8: 9c59270c3fd7afecdb556c50c9e8de78 -> 
  custom:audio-decoder-ogg-vorbis: bf7c407c2cedff20999df2af8eb42d56 -> 
========================================================================
Received Prepare
Registering precompiled user dll's ...
Registered in 0.006601 seconds.
Begin MonoManager ReloadAssembly
Symbol file LoadedFromMemory doesn't match image C:\git\studies\semester_4\meco\unity\ModellingFHNW\Library\PackageCache\com.unity.visualscripting@1.7.8\Editor\VisualScripting.Core\Dependencies\YamlDotNet\Unity.VisualScripting.YamlDotNet.dll
Symbol file LoadedFromMemory doesn't match image C:\git\studies\semester_4\meco\unity\ModellingFHNW\Library\PackageCache\com.unity.visualscripting@1.7.8\Editor\VisualScripting.Core\Dependencies\DotNetZip\Unity.VisualScripting.IonicZip.dll
Native extension for WindowsStandalone target not found
Refreshing native plugins compatible for Editor in 0.94 ms, found 3 plugins.
Preloading 0 native plugins for Editor in 0.00 ms.
Mono: successfully reloaded assembly
- Completed reload, in  1.178 seconds
Domain Reload Profiling:
	ReloadAssembly (1179ms)
		BeginReloadAssembly (174ms)
			ExecutionOrderSort (0ms)
			DisableScriptedObjects (11ms)
			BackupInstance (0ms)
			ReleaseScriptingObjects (0ms)
			CreateAndSetChildDomain (45ms)
		EndReloadAssembly (890ms)
			LoadAssemblies (105ms)
			RebuildTransferFunctionScriptingTraits (0ms)
			SetupTypeCache (303ms)
			ReleaseScriptCaches (2ms)
			RebuildScriptCaches (51ms)
			SetupLoadedEditorAssemblies (388ms)
				LogAssemblyErrors (0ms)
				InitializePlatformSupportModulesInManaged (12ms)
				SetLoadedEditorAssemblies (1ms)
				RefreshPlugins (1ms)
				BeforeProcessingInitializeOnLoad (81ms)
				ProcessInitializeOnLoadAttributes (244ms)
				ProcessInitializeOnLoadMethodAttributes (41ms)
				AfterProcessingInitializeOnLoad (8ms)
				EditorAssembliesLoaded (0ms)
			ExecutionOrderSort2 (0ms)
			AwakeInstancesAfterBackupRestoration (5ms)
Platform modules already initialized, skipping
Shader 'Toon/Lit Outline': fallback shader 'Toon/Lit' not found
WARNING: Shader Unsupported: 'Toon/Lit Outline' - All subshaders removed
WARNING: Shader Did you use #pragma only_renderers and omit this platform?
WARNING: Shader If subshaders removal was intentional, you may have forgotten turning Fallback off?
WARNING: Shader Unsupported: 'Toon/Lit Outline' - All subshaders removed
WARNING: Shader Did you use #pragma only_renderers and omit this platform?
WARNING: Shader If subshaders removal was intentional, you may have forgotten turning Fallback off?
Refreshing native plugins compatible for Editor in 2.06 ms, found 3 plugins.
Preloading 0 native plugins for Editor in 0.00 ms.
Unloading 3507 Unused Serialized files (Serialized files now loaded: 0)
Unloading 102 unused Assets / (9.9 MB). Loaded Objects now: 3893.
Memory consumption went from 137.9 MB to 128.0 MB.
Total: 5.202900 ms (FindLiveObjects: 0.275600 ms CreateObjectMapping: 0.157300 ms MarkObjects: 2.301600 ms  DeleteObjects: 2.467400 ms)

AssetImportParameters requested are different than current active one (requested -> active):
  custom:video-decoder-ogg-theora: a1e56fd34408186e4bbccfd4996cb3dc -> 
  custom:container-muxer-webm: aa71ff27fc2769a1b78a27578f13a17b -> 
  custom:container-demuxer-webm: 4f35f7cbe854078d1ac9338744f61a02 -> 
  custom:video-encoder-webm-vp8: eb34c28f22e8b96e1ab97ce403110664 -> 
  custom:audio-encoder-webm-vorbis: bf7c407c2cedff20999df2af8eb42d56 -> 
  custom:framework-win-MediaFoundation: 216162199b28c13a410421893ffa2e32 -> 
  custom:container-demuxer-ogg: 62fdf1f143b41e24485cea50d1cbac27 -> 
  custom:video-decoder-webm-vp8: 9c59270c3fd7afecdb556c50c9e8de78 -> 
  custom:audio-decoder-ogg-vorbis: bf7c407c2cedff20999df2af8eb42d56 -> 
========================================================================
Received Import Request.
  Time since last request: 285318.181999 seconds.
  path: Assets/Table and chair
  artifactKey: Guid(dedc3804a89faea418235ac7d57b40eb) Importer(815301076,1909f56bfc062723c751e8b465ee728b)
Start importing Assets/Table and chair using Guid(dedc3804a89faea418235ac7d57b40eb) Importer(815301076,1909f56bfc062723c751e8b465ee728b)  -> (artifact id: '94cde7e8ea736f4fff3f2d862a24b659') in 0.010073 seconds 
========================================================================
Received Import Request.
  Time since last request: 11.457149 seconds.
  path: Assets/Table and chair/Table
  artifactKey: Guid(2f6faee9bb6300545ad64558957beb02) Importer(815301076,1909f56bfc062723c751e8b465ee728b)
Start importing Assets/Table and chair/Table using Guid(2f6faee9bb6300545ad64558957beb02) Importer(815301076,1909f56bfc062723c751e8b465ee728b)  -> (artifact id: '69ed0f6d770723e9516874ed97195afd') in 0.005216 seconds 
========================================================================
Received Import Request.
  Time since last request: 3.989257 seconds.
  path: Assets/Table and chair/Table/Prefab
  artifactKey: Guid(1c4440f4e42fb8843943bcc6d6e25894) Importer(815301076,1909f56bfc062723c751e8b465ee728b)
Start importing Assets/Table and chair/Table/Prefab using Guid(1c4440f4e42fb8843943bcc6d6e25894) Importer(815301076,1909f56bfc062723c751e8b465ee728b)  -> (artifact id: '103471ba9e09f753ae8f052cf1d8716d') in 0.005349 seconds 
========================================================================
Received Import Request.
  Time since last request: 0.047597 seconds.
  path: Assets/Table and chair/Table/Prefab/Table.prefab
  artifactKey: Guid(83aae98f19433bf44bb2613869ec2b6c) Importer(815301076,1909f56bfc062723c751e8b465ee728b)
Start importing Assets/Table and chair/Table/Prefab/Table.prefab using Guid(83aae98f19433bf44bb2613869ec2b6c) Importer(815301076,1909f56bfc062723c751e8b465ee728b)  -> (artifact id: '027ef35eb5b37db2eaa98d6c69537027') in 0.316422 seconds 
========================================================================
Received Import Request.
  Time since last request: 18.241204 seconds.
  path: Assets/Table and chair/Chair
  artifactKey: Guid(af83ac62f226ff546bf7907d1ede8a30) Importer(815301076,1909f56bfc062723c751e8b465ee728b)
Start importing Assets/Table and chair/Chair using Guid(af83ac62f226ff546bf7907d1ede8a30) Importer(815301076,1909f56bfc062723c751e8b465ee728b)  -> (artifact id: '2e345b24a56050904d90ad2b8fb036e1') in 0.005429 seconds 
========================================================================
Received Import Request.
  Time since last request: 2.448476 seconds.
  path: Assets/Table and chair/Chair/Prefab
  artifactKey: Guid(86dba9d1200f7be40b0c331170b71524) Importer(815301076,1909f56bfc062723c751e8b465ee728b)
Start importing Assets/Table and chair/Chair/Prefab using Guid(86dba9d1200f7be40b0c331170b71524) Importer(815301076,1909f56bfc062723c751e8b465ee728b)  -> (artifact id: '27666c90c5696c246932213b6d4517f7') in 0.001862 seconds 
========================================================================
Received Import Request.
  Time since last request: 0.047410 seconds.
  path: Assets/Table and chair/Chair/Prefab/Chair.prefab
  artifactKey: Guid(d7b762e2efec15745a46d6a07c9c119e) Importer(815301076,1909f56bfc062723c751e8b465ee728b)
Start importing Assets/Table and chair/Chair/Prefab/Chair.prefab using Guid(d7b762e2efec15745a46d6a07c9c119e) Importer(815301076,1909f56bfc062723c751e8b465ee728b)  -> (artifact id: '73847af7bc794938326548af3f74d75d') in 0.022534 seconds 
========================================================================
Received Import Request.
  Time since last request: 258.503744 seconds.
  path: Assets/Models/map_FHNW.blend
  artifactKey: Guid(6d307721cadd03e42b4bfcced049f84e) Importer(815301076,1909f56bfc062723c751e8b465ee728b)
Start importing Assets/Models/map_FHNW.blend using Guid(6d307721cadd03e42b4bfcced049f84e) Importer(815301076,1909f56bfc062723c751e8b465ee728b)  -> (artifact id: '9137a0be134c22e2d8754b73fede878a') in 0.141982 seconds 
========================================================================
Received Import Request.
  Time since last request: 1.568897 seconds.
  path: Assets/Models/Free
  artifactKey: Guid(23552e9e8b902474a999eb8192fed0b4) Importer(815301076,1909f56bfc062723c751e8b465ee728b)
Start importing Assets/Models/Free using Guid(23552e9e8b902474a999eb8192fed0b4) Importer(815301076,1909f56bfc062723c751e8b465ee728b)  -> (artifact id: '53af8fdb419a1372e25f4e697fa36dda') in 0.005497 seconds 
========================================================================
Received Import Request.
  Time since last request: 0.062233 seconds.
  path: Assets/Models/Free/Waste-Bin_Type23.FBX
  artifactKey: Guid(0d092a2b3f072f24f9483dcbe4f6db76) Importer(815301076,1909f56bfc062723c751e8b465ee728b)
Start importing Assets/Models/Free/Waste-Bin_Type23.FBX using Guid(0d092a2b3f072f24f9483dcbe4f6db76) Importer(815301076,1909f56bfc062723c751e8b465ee728b)  -> (artifact id: '7ec94018d9b04ffea702854404ddf2f3') in 0.258968 seconds 
========================================================================
Received Import Request.
  Time since last request: 30.680961 seconds.
  path: Assets/Models/Free/Materials
  artifactKey: Guid(5c5c6fd3cc4c28743b031218f1593c60) Importer(815301076,1909f56bfc062723c751e8b465ee728b)
Start importing Assets/Models/Free/Materials using Guid(5c5c6fd3cc4c28743b031218f1593c60) Importer(815301076,1909f56bfc062723c751e8b465ee728b)  -> (artifact id: '0c0ce2938b2b37668dcdcfbe50754a4a') in 0.001858 seconds 
========================================================================
Received Import Request.
  Time since last request: 129.740442 seconds.
  path: Assets/Models/Free/Waste-Bin_Type23.FBX
  artifactKey: Guid(0d092a2b3f072f24f9483dcbe4f6db76) Importer(815301076,1909f56bfc062723c751e8b465ee728b)
Start importing Assets/Models/Free/Waste-Bin_Type23.FBX using Guid(0d092a2b3f072f24f9483dcbe4f6db76) Importer(815301076,1909f56bfc062723c751e8b465ee728b)  -> (artifact id: '10dacc4956bcdc57e6cbb7c740a9af9d') in 0.028109 seconds 
========================================================================
Received Import Request.
  Time since last request: 18.475657 seconds.
  path: Assets/StreetLightsPack
  artifactKey: Guid(6aa3a45ffa6b9014882e0e1a61f13198) Importer(815301076,1909f56bfc062723c751e8b465ee728b)
Start importing Assets/StreetLightsPack using Guid(6aa3a45ffa6b9014882e0e1a61f13198) Importer(815301076,1909f56bfc062723c751e8b465ee728b)  -> (artifact id: '31205f263a75089b6dd59f2fd4d4a4e6') in 0.005613 seconds 
========================================================================
Received Import Request.
  Time since last request: 9.954706 seconds.
  path: Assets/StreetLightsPack/Models
  artifactKey: Guid(2e52518bcea959f42887a77bd6a93798) Importer(815301076,1909f56bfc062723c751e8b465ee728b)
Start importing Assets/StreetLightsPack/Models using Guid(2e52518bcea959f42887a77bd6a93798) Importer(815301076,1909f56bfc062723c751e8b465ee728b)  -> (artifact id: '3284b88d2ee06938a056ab3ca392e48d') in 0.005069 seconds 
========================================================================
Received Import Request.
  Time since last request: 1.991824 seconds.
  path: Assets/StreetLightsPack/Models/StreetLights1
  artifactKey: Guid(c8023dc41d85b2049b21d1589dea5b99) Importer(815301076,1909f56bfc062723c751e8b465ee728b)
Start importing Assets/StreetLightsPack/Models/StreetLights1 using Guid(c8023dc41d85b2049b21d1589dea5b99) Importer(815301076,1909f56bfc062723c751e8b465ee728b)  -> (artifact id: 'e523e83680d65f1b7a00b791dff6f4e4') in 0.005478 seconds 
========================================================================
Received Import Request.
  Time since last request: 0.034502 seconds.
  path: Assets/StreetLightsPack/Models/StreetLights1/StreetLights1.FBX
  artifactKey: Guid(72c93e4f187cc614291429b3f1d40f35) Importer(815301076,1909f56bfc062723c751e8b465ee728b)
Start importing Assets/StreetLightsPack/Models/StreetLights1/StreetLights1.FBX using Guid(72c93e4f187cc614291429b3f1d40f35) Importer(815301076,1909f56bfc062723c751e8b465ee728b)  -> (artifact id: 'f4d69e3bb22c74596ede9b4394288f74') in 0.344306 seconds 
