Using pre-set license
Built from '2021.3/staging' branch; Version is '2021.3.9f1 (ad3870b89536) revision 11352176'; Using compiler version '192829333'; Build Type 'Release'
OS: 'Windows 11  (10.0.25247) 64bit Professional' Language: 'en' Physical Memory: 32630 MB
BatchMode: 1, IsHumanControllingUs: 0, StartBugReporterOnCrash: 0, Is64bit: 1, IsPro: 1

COMMAND LINE ARGUMENTS:
C:\Program Files\Unity 2021.3.9f1\Editor\Unity.exe
-adb2
-batchMode
-noUpm
-name
AssetImportWorker1
-projectPath
C:/git/studies/semester_4/meco/unity/ModellingFHNW
-logFile
Logs/AssetImportWorker1.log
-srvPort
50837
Successfully changed project path to: C:/git/studies/semester_4/meco/unity/ModellingFHNW
C:/git/studies/semester_4/meco/unity/ModellingFHNW
[UnityMemory] Configuration Parameters - Can be set up in boot.config
    "memorysetup-bucket-allocator-granularity=16"
    "memorysetup-bucket-allocator-bucket-count=8"
    "memorysetup-bucket-allocator-block-size=33554432"
    "memorysetup-bucket-allocator-block-count=8"
    "memorysetup-main-allocator-block-size=16777216"
    "memorysetup-thread-allocator-block-size=16777216"
    "memorysetup-gfx-main-allocator-block-size=16777216"
    "memorysetup-gfx-thread-allocator-block-size=16777216"
    "memorysetup-cache-allocator-block-size=4194304"
    "memorysetup-typetree-allocator-block-size=2097152"
    "memorysetup-profiler-bucket-allocator-granularity=16"
    "memorysetup-profiler-bucket-allocator-bucket-count=8"
    "memorysetup-profiler-bucket-allocator-block-size=33554432"
    "memorysetup-profiler-bucket-allocator-block-count=8"
    "memorysetup-profiler-allocator-block-size=16777216"
    "memorysetup-profiler-editor-allocator-block-size=1048576"
    "memorysetup-temp-allocator-size-main=16777216"
    "memorysetup-job-temp-allocator-block-size=2097152"
    "memorysetup-job-temp-allocator-block-size-background=1048576"
    "memorysetup-job-temp-allocator-reduction-small-platforms=262144"
    "memorysetup-temp-allocator-size-background-worker=32768"
    "memorysetup-temp-allocator-size-job-worker=262144"
    "memorysetup-temp-allocator-size-preload-manager=33554432"
    "memorysetup-temp-allocator-size-nav-mesh-worker=65536"
    "memorysetup-temp-allocator-size-audio-worker=65536"
    "memorysetup-temp-allocator-size-cloud-worker=32768"
    "memorysetup-temp-allocator-size-gi-baking-worker=262144"
    "memorysetup-temp-allocator-size-gfx=262144"
Refreshing native plugins compatible for Editor in 88.19 ms, found 3 plugins.
Preloading 0 native plugins for Editor in 0.00 ms.
Initialize engine version: 2021.3.9f1 (ad3870b89536)
[Subsystems] Discovering subsystems at path C:/Program Files/Unity 2021.3.9f1/Editor/Data/Resources/UnitySubsystems
[Subsystems] Discovering subsystems at path C:/git/studies/semester_4/meco/unity/ModellingFHNW/Assets
GfxDevice: creating device client; threaded=0; jobified=0
Direct3D:
    Version:  Direct3D 11.0 [level 11.1]
    Renderer: NVIDIA GeForce RTX 2080 Ti (ID=0x1e07)
    Vendor:   NVIDIA
    VRAM:     11041 MB
    Driver:   31.0.15.3004
Initialize mono
Mono path[0] = 'C:/Program Files/Unity 2021.3.9f1/Editor/Data/Managed'
Mono path[1] = 'C:/Program Files/Unity 2021.3.9f1/Editor/Data/MonoBleedingEdge/lib/mono/unityjit-win32'
Mono config path = 'C:/Program Files/Unity 2021.3.9f1/Editor/Data/MonoBleedingEdge/etc'
Using monoOptions --debugger-agent=transport=dt_socket,embedding=1,server=y,suspend=n,address=127.0.0.1:56788
Begin MonoManager ReloadAssembly
Registering precompiled unity dll's ...
Register platform support module: C:/Program Files/Unity 2021.3.9f1/Editor/Data/PlaybackEngines/WindowsStandaloneSupport/UnityEditor.WindowsStandalone.Extensions.dll
Registered in 0.003817 seconds.
Native extension for WindowsStandalone target not found
Refreshing native plugins compatible for Editor in 87.25 ms, found 3 plugins.
Preloading 0 native plugins for Editor in 0.00 ms.
Mono: successfully reloaded assembly
- Completed reload, in  0.805 seconds
Domain Reload Profiling:
	ReloadAssembly (805ms)
		BeginReloadAssembly (122ms)
			ExecutionOrderSort (0ms)
			DisableScriptedObjects (0ms)
			BackupInstance (0ms)
			ReleaseScriptingObjects (0ms)
			CreateAndSetChildDomain (1ms)
		EndReloadAssembly (551ms)
			LoadAssemblies (119ms)
			RebuildTransferFunctionScriptingTraits (0ms)
			SetupTypeCache (164ms)
			ReleaseScriptCaches (0ms)
			RebuildScriptCaches (28ms)
			SetupLoadedEditorAssemblies (304ms)
				LogAssemblyErrors (0ms)
				InitializePlatformSupportModulesInManaged (7ms)
				SetLoadedEditorAssemblies (0ms)
				RefreshPlugins (87ms)
				BeforeProcessingInitializeOnLoad (2ms)
				ProcessInitializeOnLoadAttributes (160ms)
				ProcessInitializeOnLoadMethodAttributes (47ms)
				AfterProcessingInitializeOnLoad (0ms)
				EditorAssembliesLoaded (0ms)
			ExecutionOrderSort2 (0ms)
			AwakeInstancesAfterBackupRestoration (0ms)
Platform modules already initialized, skipping
Registering precompiled user dll's ...
Registered in 0.008378 seconds.
Begin MonoManager ReloadAssembly
Symbol file LoadedFromMemory doesn't match image C:\git\studies\semester_4\meco\unity\ModellingFHNW\Library\PackageCache\com.unity.visualscripting@1.7.8\Editor\VisualScripting.Core\Dependencies\YamlDotNet\Unity.VisualScripting.YamlDotNet.dll
Symbol file LoadedFromMemory doesn't match image C:\git\studies\semester_4\meco\unity\ModellingFHNW\Library\PackageCache\com.unity.visualscripting@1.7.8\Editor\VisualScripting.Core\Dependencies\DotNetZip\Unity.VisualScripting.IonicZip.dll
Native extension for WindowsStandalone target not found
Refreshing native plugins compatible for Editor in 0.55 ms, found 3 plugins.
Preloading 0 native plugins for Editor in 0.00 ms.
Mono: successfully reloaded assembly
- Completed reload, in  1.227 seconds
Domain Reload Profiling:
	ReloadAssembly (1228ms)
		BeginReloadAssembly (115ms)
			ExecutionOrderSort (0ms)
			DisableScriptedObjects (6ms)
			BackupInstance (0ms)
			ReleaseScriptingObjects (0ms)
			CreateAndSetChildDomain (20ms)
		EndReloadAssembly (997ms)
			LoadAssemblies (94ms)
			RebuildTransferFunctionScriptingTraits (0ms)
			SetupTypeCache (379ms)
			ReleaseScriptCaches (1ms)
			RebuildScriptCaches (63ms)
			SetupLoadedEditorAssemblies (408ms)
				LogAssemblyErrors (0ms)
				InitializePlatformSupportModulesInManaged (5ms)
				SetLoadedEditorAssemblies (0ms)
				RefreshPlugins (1ms)
				BeforeProcessingInitializeOnLoad (92ms)
				ProcessInitializeOnLoadAttributes (272ms)
				ProcessInitializeOnLoadMethodAttributes (31ms)
				AfterProcessingInitializeOnLoad (6ms)
				EditorAssembliesLoaded (0ms)
			ExecutionOrderSort2 (0ms)
			AwakeInstancesAfterBackupRestoration (5ms)
Platform modules already initialized, skipping
========================================================================
Worker process is ready to serve import requests
Launched and connected shader compiler UnityShaderCompiler.exe after 0.06 seconds
Refreshing native plugins compatible for Editor in 0.96 ms, found 3 plugins.
Preloading 0 native plugins for Editor in 0.00 ms.
Unloading 3511 Unused Serialized files (Serialized files now loaded: 0)
Unloading 30 unused Assets / (0.6 MB). Loaded Objects now: 3974.
Memory consumption went from 141.4 MB to 140.9 MB.
Total: 6.717500 ms (FindLiveObjects: 0.480500 ms CreateObjectMapping: 0.391900 ms MarkObjects: 5.192500 ms  DeleteObjects: 0.651200 ms)

AssetImportParameters requested are different than current active one (requested -> active):
  custom:video-decoder-ogg-theora: a1e56fd34408186e4bbccfd4996cb3dc -> 
  custom:container-muxer-webm: aa71ff27fc2769a1b78a27578f13a17b -> 
  custom:container-demuxer-webm: 4f35f7cbe854078d1ac9338744f61a02 -> 
  custom:video-encoder-webm-vp8: eb34c28f22e8b96e1ab97ce403110664 -> 
  custom:audio-encoder-webm-vorbis: bf7c407c2cedff20999df2af8eb42d56 -> 
  custom:framework-win-MediaFoundation: 216162199b28c13a410421893ffa2e32 -> 
  custom:container-demuxer-ogg: 62fdf1f143b41e24485cea50d1cbac27 -> 
  custom:video-decoder-webm-vp8: 9c59270c3fd7afecdb556c50c9e8de78 -> 
  custom:audio-decoder-ogg-vorbis: bf7c407c2cedff20999df2af8eb42d56 -> 
========================================================================
Received Import Request.
  Time since last request: 286217.867681 seconds.
  path: Assets/Modern_Bench Pack
  artifactKey: Guid(4ecceab6d8233f849b95b015be45b8e9) Importer(815301076,1909f56bfc062723c751e8b465ee728b)
Start importing Assets/Modern_Bench Pack using Guid(4ecceab6d8233f849b95b015be45b8e9) Importer(815301076,1909f56bfc062723c751e8b465ee728b)  -> (artifact id: '0f83d91cffa1e7bbaa9030658fb8f39c') in 0.015575 seconds 
========================================================================
Received Import Request.
  Time since last request: 0.000033 seconds.
  path: Assets/Modern_Bench Pack/Prefabs/Bench_1
  artifactKey: Guid(578c82929eb044ec8b28188d64af3a15) Importer(815301076,1909f56bfc062723c751e8b465ee728b)
Start importing Assets/Modern_Bench Pack/Prefabs/Bench_1 using Guid(578c82929eb044ec8b28188d64af3a15) Importer(815301076,1909f56bfc062723c751e8b465ee728b)  -> (artifact id: 'e6ec9de1f78472d8a9f58e421b7e923c') in 0.008134 seconds 
========================================================================
Received Import Request.
  Time since last request: 95.881216 seconds.
  path: Assets/Modern_Bench Pack/Prefabs/Bench_1/Mesh/Sit_area.asset
  artifactKey: Guid(66f2aeed9553345a9bb01287c6fddd99) Importer(815301076,1909f56bfc062723c751e8b465ee728b)
Start importing Assets/Modern_Bench Pack/Prefabs/Bench_1/Mesh/Sit_area.asset using Guid(66f2aeed9553345a9bb01287c6fddd99) Importer(815301076,1909f56bfc062723c751e8b465ee728b)  -> (artifact id: 'c2987c762a0d4a3bdc922843863e76d6') in 0.099534 seconds 
========================================================================
Received Import Request.
  Time since last request: 26.734265 seconds.
  path: Assets/Modern_Bench Pack/Textures/black wood 2.png
  artifactKey: Guid(5215c689ab0f940babfe71770430c836) Importer(815301076,1909f56bfc062723c751e8b465ee728b)
Start importing Assets/Modern_Bench Pack/Textures/black wood 2.png using Guid(5215c689ab0f940babfe71770430c836) Importer(815301076,1909f56bfc062723c751e8b465ee728b)  -> (artifact id: '277c4b2b86ca8ce02f103a8c1546df0f') in 0.035044 seconds 
========================================================================
Received Import Request.
  Time since last request: 0.000020 seconds.
  path: Assets/Modern_Bench Pack/Textures/Metal_Texture.png
  artifactKey: Guid(450fb09940d5949d0af1ca9e5662b99b) Importer(815301076,1909f56bfc062723c751e8b465ee728b)
Start importing Assets/Modern_Bench Pack/Textures/Metal_Texture.png using Guid(450fb09940d5949d0af1ca9e5662b99b) Importer(815301076,1909f56bfc062723c751e8b465ee728b)  -> (artifact id: '5b13c59bd19a63a62a5e222797fcbff6') in 0.024809 seconds 
========================================================================
Received Import Request.
  Time since last request: 0.000021 seconds.
  path: Assets/Modern_Bench Pack/Textures/Rough_Gray.png
  artifactKey: Guid(6270d3a346f6f4fd0ab1b14d99bcec42) Importer(815301076,1909f56bfc062723c751e8b465ee728b)
Start importing Assets/Modern_Bench Pack/Textures/Rough_Gray.png using Guid(6270d3a346f6f4fd0ab1b14d99bcec42) Importer(815301076,1909f56bfc062723c751e8b465ee728b)  -> (artifact id: '8e8fecbf542a30b948b4fca096ff14bd') in 0.024091 seconds 
========================================================================
Received Import Request.
  Time since last request: 18.519996 seconds.
  path: Assets/Modern_Bench Pack/Materials/Concrete.mat
  artifactKey: Guid(1e211062efaca4dc9afc5a58b849e554) Importer(815301076,1909f56bfc062723c751e8b465ee728b)
Start importing Assets/Modern_Bench Pack/Materials/Concrete.mat using Guid(1e211062efaca4dc9afc5a58b849e554) Importer(815301076,1909f56bfc062723c751e8b465ee728b)  -> (artifact id: '4b3176db8c33cb561d52a29d4ce83250') in 0.033145 seconds 
========================================================================
Received Import Request.
  Time since last request: 0.000017 seconds.
  path: Assets/Modern_Bench Pack/Materials/Wood.mat
  artifactKey: Guid(90016bf17de45423d9f4ccc7f1673116) Importer(815301076,1909f56bfc062723c751e8b465ee728b)
Start importing Assets/Modern_Bench Pack/Materials/Wood.mat using Guid(90016bf17de45423d9f4ccc7f1673116) Importer(815301076,1909f56bfc062723c751e8b465ee728b)  -> (artifact id: 'a5b6a1942e363bb42c4b1552ba39b177') in 0.018690 seconds 
========================================================================
Received Import Request.
  Time since last request: 0.000024 seconds.
  path: Assets/Modern_Bench Pack/Materials/Metal_Texture.mat
  artifactKey: Guid(e1a9e55593c4542efa207042d695ee33) Importer(815301076,1909f56bfc062723c751e8b465ee728b)
Start importing Assets/Modern_Bench Pack/Materials/Metal_Texture.mat using Guid(e1a9e55593c4542efa207042d695ee33) Importer(815301076,1909f56bfc062723c751e8b465ee728b)  -> (artifact id: 'f2f85b0984c7ae90f22b2c45f6339f40') in 0.014291 seconds 
